2019-03-10 14:04:49,746 CRIT Supervisor running as root (no user in config file)
2019-03-10 14:04:49,756 INFO supervisord started with pid 1
2019-03-10 14:04:50,759 INFO spawned: 'cron' with pid 8
2019-03-10 14:04:50,761 INFO spawned: 'php' with pid 9
2019-03-10 14:04:52,013 INFO success: cron entered RUNNING state, process has stayed up for > than 1 seconds (startsecs)
2019-03-10 14:04:52,014 INFO success: php entered RUNNING state, process has stayed up for > than 1 seconds (startsecs)
2019-03-10 14:05:01,955 INFO reaped unknown pid 15
2019-03-10 14:05:37,014 WARN received SIGTERM indicating exit request
2019-03-10 14:05:37,016 INFO waiting for cron, php to die
2019-03-10 14:05:37,031 INFO stopped: php (exit status 0)
2019-03-10 14:05:37,032 INFO stopped: cron (terminated by SIGTERM)
2019-03-10 14:05:39,615 CRIT Supervisor running as root (no user in config file)
2019-03-10 14:05:39,625 INFO supervisord started with pid 1
2019-03-10 14:05:40,628 INFO spawned: 'cron' with pid 8
2019-03-10 14:05:40,630 INFO spawned: 'php' with pid 9
2019-03-10 14:05:41,676 INFO success: cron entered RUNNING state, process has stayed up for > than 1 seconds (startsecs)
2019-03-10 14:05:41,677 INFO success: php entered RUNNING state, process has stayed up for > than 1 seconds (startsecs)
2019-03-10 14:06:01,691 INFO reaped unknown pid 15
2019-03-10 14:07:01,731 INFO reaped unknown pid 20
2019-03-10 14:08:01,798 INFO reaped unknown pid 25
2019-03-10 14:08:38,676 WARN received SIGTERM indicating exit request
2019-03-10 14:08:38,679 INFO waiting for cron, php to die
2019-03-10 14:08:38,687 INFO stopped: php (exit status 0)
2019-03-10 14:08:38,688 INFO stopped: cron (terminated by SIGTERM)
2019-03-10 14:08:41,247 CRIT Can't drop privilege as nonroot user
2019-03-10 14:08:41,253 INFO supervisord started with pid 1
2019-03-10 14:08:42,256 INFO spawned: 'cron' with pid 8
2019-03-10 14:08:42,260 INFO spawned: 'php' with pid 9
2019-03-10 14:08:42,262 INFO exited: cron (exit status 1; not expected)
2019-03-10 14:08:43,317 INFO spawned: 'cron' with pid 12
2019-03-10 14:08:43,318 INFO success: php entered RUNNING state, process has stayed up for > than 1 seconds (startsecs)
2019-03-10 14:08:43,322 INFO exited: cron (exit status 1; not expected)
2019-03-10 14:08:45,328 INFO spawned: 'cron' with pid 13
2019-03-10 14:08:45,335 INFO exited: cron (exit status 1; not expected)
2019-03-10 14:08:48,341 INFO spawned: 'cron' with pid 14
2019-03-10 14:08:48,346 INFO exited: cron (exit status 1; not expected)
2019-03-10 14:08:48,346 INFO gave up: cron entered FATAL state, too many start retries too quickly
2019-03-10 14:10:01,444 WARN received SIGTERM indicating exit request
2019-03-10 14:10:01,445 INFO waiting for php to die
2019-03-10 14:10:01,463 INFO stopped: php (exit status 0)
2019-03-10 14:10:03,751 CRIT Can't drop privilege as nonroot user
2019-03-10 14:10:03,760 INFO supervisord started with pid 1
2019-03-10 14:10:04,762 INFO spawned: 'cron' with pid 8
2019-03-10 14:10:04,765 INFO spawned: 'php' with pid 9
2019-03-10 14:10:04,773 INFO exited: cron (exit status 1; not expected)
2019-03-10 14:10:05,839 INFO spawned: 'cron' with pid 12
2019-03-10 14:10:05,840 INFO success: php entered RUNNING state, process has stayed up for > than 1 seconds (startsecs)
2019-03-10 14:10:05,844 INFO exited: cron (exit status 1; not expected)
2019-03-10 14:10:07,849 INFO spawned: 'cron' with pid 13
2019-03-10 14:10:07,853 INFO exited: cron (exit status 1; not expected)
2019-03-10 14:10:10,859 INFO spawned: 'cron' with pid 14
2019-03-10 14:10:10,864 INFO exited: cron (exit status 1; not expected)
2019-03-10 14:10:10,865 INFO gave up: cron entered FATAL state, too many start retries too quickly
2019-03-10 14:12:00,520 WARN received SIGTERM indicating exit request
2019-03-10 14:12:00,522 INFO waiting for php to die
2019-03-10 14:12:00,544 INFO stopped: php (exit status 0)
2019-03-10 14:12:02,962 INFO supervisord started with pid 1
2019-03-10 14:12:03,965 INFO spawned: 'cron' with pid 8
2019-03-10 14:12:03,969 INFO spawned: 'php' with pid 9
2019-03-10 14:12:03,971 INFO exited: cron (exit status 1; not expected)
2019-03-10 14:12:05,036 INFO spawned: 'cron' with pid 12
2019-03-10 14:12:05,037 INFO success: php entered RUNNING state, process has stayed up for > than 1 seconds (startsecs)
2019-03-10 14:12:05,042 INFO exited: cron (exit status 1; not expected)
2019-03-10 14:12:07,046 INFO spawned: 'cron' with pid 13
2019-03-10 14:12:07,052 INFO exited: cron (exit status 1; not expected)
2019-03-10 14:12:10,058 INFO spawned: 'cron' with pid 14
2019-03-10 14:12:10,062 INFO exited: cron (exit status 1; not expected)
2019-03-10 14:12:10,062 INFO gave up: cron entered FATAL state, too many start retries too quickly
2019-03-10 14:14:26,149 WARN received SIGTERM indicating exit request
2019-03-10 14:14:26,153 INFO waiting for php to die
2019-03-10 14:14:26,191 INFO stopped: php (exit status 0)
2019-03-10 14:14:29,181 INFO supervisord started with pid 1
2019-03-10 14:14:30,184 INFO spawned: 'cron' with pid 8
2019-03-10 14:14:30,186 INFO spawned: 'php' with pid 9
2019-03-10 14:14:30,198 INFO exited: cron (exit status 1; not expected)
2019-03-10 14:14:31,284 INFO spawned: 'cron' with pid 12
2019-03-10 14:14:31,285 INFO success: php entered RUNNING state, process has stayed up for > than 1 seconds (startsecs)
2019-03-10 14:14:31,288 INFO exited: cron (exit status 1; not expected)
2019-03-10 14:14:33,294 INFO spawned: 'cron' with pid 13
2019-03-10 14:14:33,300 INFO exited: cron (exit status 1; not expected)
2019-03-10 14:14:36,305 INFO spawned: 'cron' with pid 14
2019-03-10 14:14:36,309 INFO exited: cron (exit status 1; not expected)
2019-03-10 14:14:37,310 INFO gave up: cron entered FATAL state, too many start retries too quickly
2019-03-10 14:15:23,095 INFO supervisord started with pid 29
2019-03-10 14:15:24,098 INFO spawned: 'cron' with pid 40
2019-03-10 14:15:24,100 INFO spawned: 'php' with pid 41
2019-03-10 14:15:24,102 INFO exited: cron (exit status 1; not expected)
2019-03-10 14:15:24,138 INFO exited: php (exit status 78; not expected)
2019-03-10 14:15:25,141 INFO spawned: 'cron' with pid 42
2019-03-10 14:15:25,143 INFO spawned: 'php' with pid 43
2019-03-10 14:15:25,146 INFO exited: cron (exit status 1; not expected)
2019-03-10 14:15:25,180 INFO exited: php (exit status 78; not expected)
2019-03-10 14:15:27,184 INFO spawned: 'cron' with pid 44
2019-03-10 14:15:27,187 INFO spawned: 'php' with pid 45
2019-03-10 14:15:27,191 INFO exited: cron (exit status 1; not expected)
2019-03-10 14:15:27,226 INFO exited: php (exit status 78; not expected)
2019-03-10 14:15:30,232 INFO spawned: 'cron' with pid 46
2019-03-10 14:15:30,235 INFO spawned: 'php' with pid 47
2019-03-10 14:15:30,239 INFO exited: cron (exit status 1; not expected)
2019-03-10 14:15:30,264 INFO gave up: cron entered FATAL state, too many start retries too quickly
2019-03-10 14:15:30,279 INFO exited: php (exit status 78; not expected)
2019-03-10 14:15:31,281 INFO gave up: php entered FATAL state, too many start retries too quickly
2019-03-10 14:22:11,979 WARN received SIGTERM indicating exit request
2019-03-10 14:22:11,982 INFO waiting for php to die
2019-03-10 14:22:12,010 INFO stopped: php (exit status 0)
2019-03-10 14:22:14,958 INFO supervisord started with pid 1
2019-03-10 14:22:15,962 INFO spawned: 'cardreader' with pid 8
2019-03-10 14:22:15,965 INFO spawned: 'php' with pid 9
2019-03-10 14:22:17,029 INFO success: cardreader entered RUNNING state, process has stayed up for > than 1 seconds (startsecs)
2019-03-10 14:22:17,030 INFO success: php entered RUNNING state, process has stayed up for > than 1 seconds (startsecs)
2019-03-10 14:22:18,823 INFO exited: cardreader (exit status 0; expected)
2019-03-10 14:23:16,928 WARN received SIGTERM indicating exit request
2019-03-10 14:23:16,929 INFO waiting for php to die
2019-03-10 14:23:16,935 INFO stopped: php (exit status 0)
2019-03-10 14:27:43,566 INFO supervisord started with pid 1
2019-03-10 14:27:44,569 INFO spawned: 'cron' with pid 8
2019-03-10 14:27:44,572 INFO spawned: 'php' with pid 9
2019-03-10 14:27:44,580 INFO exited: cron (exit status 1; not expected)
2019-03-10 14:27:45,874 INFO spawned: 'cron' with pid 12
2019-03-10 14:27:45,875 INFO success: php entered RUNNING state, process has stayed up for > than 1 seconds (startsecs)
2019-03-10 14:27:45,879 INFO exited: cron (exit status 1; not expected)
2019-03-10 14:27:47,883 INFO spawned: 'cron' with pid 13
2019-03-10 14:27:47,888 INFO exited: cron (exit status 1; not expected)
2019-03-10 14:27:50,893 INFO spawned: 'cron' with pid 14
2019-03-10 14:27:50,897 INFO exited: cron (exit status 1; not expected)
2019-03-10 14:27:50,898 INFO gave up: cron entered FATAL state, too many start retries too quickly
2019-03-10 14:29:37,282 WARN received SIGTERM indicating exit request
2019-03-10 14:29:37,287 INFO waiting for php to die
2019-03-10 14:29:37,303 INFO stopped: php (exit status 0)
2019-03-10 14:29:40,164 INFO supervisord started with pid 1
2019-03-10 14:29:41,167 INFO spawned: 'cron' with pid 8
2019-03-10 14:29:41,171 INFO spawned: 'php' with pid 9
2019-03-10 14:29:41,173 INFO exited: cron (exit status 127; not expected)
2019-03-10 14:29:42,226 INFO spawned: 'cron' with pid 12
2019-03-10 14:29:42,227 INFO success: php entered RUNNING state, process has stayed up for > than 1 seconds (startsecs)
2019-03-10 14:29:42,229 INFO exited: cron (exit status 127; not expected)
2019-03-10 14:29:44,233 INFO spawned: 'cron' with pid 13
2019-03-10 14:29:44,236 INFO exited: cron (exit status 127; not expected)
2019-03-10 14:29:47,242 INFO spawned: 'cron' with pid 14
2019-03-10 14:29:47,245 INFO exited: cron (exit status 127; not expected)
2019-03-10 14:29:48,247 INFO gave up: cron entered FATAL state, too many start retries too quickly
2019-03-10 14:32:28,393 WARN received SIGTERM indicating exit request
2019-03-10 14:32:28,397 INFO waiting for php to die
2019-03-10 14:32:28,406 INFO stopped: php (exit status 0)
2019-03-10 14:32:31,178 INFO supervisord started with pid 1
2019-03-10 14:32:32,181 INFO spawned: 'cron' with pid 8
2019-03-10 14:32:32,184 INFO spawned: 'php' with pid 9
2019-03-10 14:32:32,186 INFO exited: cron (exit status 127; not expected)
2019-03-10 14:32:33,246 INFO spawned: 'cron' with pid 12
2019-03-10 14:32:33,247 INFO success: php entered RUNNING state, process has stayed up for > than 1 seconds (startsecs)
2019-03-10 14:32:33,249 INFO exited: cron (exit status 127; not expected)
2019-03-10 14:32:35,254 INFO spawned: 'cron' with pid 13
2019-03-10 14:32:35,257 INFO exited: cron (exit status 127; not expected)
2019-03-10 14:32:38,264 INFO spawned: 'cron' with pid 14
2019-03-10 14:32:38,268 INFO exited: cron (exit status 127; not expected)
2019-03-10 14:32:39,270 INFO gave up: cron entered FATAL state, too many start retries too quickly
2019-03-10 14:36:21,112 WARN received SIGTERM indicating exit request
2019-03-10 14:36:21,115 INFO waiting for php to die
2019-03-10 14:36:21,124 INFO stopped: php (exit status 0)
2019-03-10 14:36:41,059 INFO supervisord started with pid 1
2019-03-10 14:36:42,062 INFO spawned: 'cron' with pid 8
2019-03-10 14:36:42,065 INFO spawned: 'php' with pid 9
2019-03-10 14:36:42,069 INFO exited: cron (exit status 127; not expected)
2019-03-10 14:36:43,128 INFO spawned: 'cron' with pid 12
2019-03-10 14:36:43,129 INFO success: php entered RUNNING state, process has stayed up for > than 1 seconds (startsecs)
2019-03-10 14:36:43,132 INFO exited: cron (exit status 127; not expected)
2019-03-10 14:36:45,137 INFO spawned: 'cron' with pid 13
2019-03-10 14:36:45,140 INFO exited: cron (exit status 127; not expected)
2019-03-10 14:36:48,146 INFO spawned: 'cron' with pid 14
2019-03-10 14:36:48,149 INFO exited: cron (exit status 127; not expected)
2019-03-10 14:36:48,149 INFO gave up: cron entered FATAL state, too many start retries too quickly
2019-03-10 14:40:33,987 WARN received SIGTERM indicating exit request
2019-03-10 14:40:33,991 INFO waiting for php to die
2019-03-10 14:40:33,996 INFO stopped: php (exit status 0)
2019-03-10 14:40:36,665 INFO supervisord started with pid 1
2019-03-10 14:40:37,668 INFO spawnerr: unknown error making dispatchers for 'cron': EACCES
2019-03-10 14:40:37,679 INFO spawned: 'php' with pid 8
2019-03-10 14:40:38,808 INFO spawnerr: unknown error making dispatchers for 'cron': EACCES
2019-03-10 14:40:38,809 INFO success: php entered RUNNING state, process has stayed up for > than 1 seconds (startsecs)
2019-03-10 14:40:40,811 INFO spawnerr: unknown error making dispatchers for 'cron': EACCES
2019-03-10 14:40:43,815 INFO spawnerr: unknown error making dispatchers for 'cron': EACCES
2019-03-10 14:40:43,815 INFO gave up: cron entered FATAL state, too many start retries too quickly
2019-03-10 14:43:23,399 WARN received SIGTERM indicating exit request
2019-03-10 14:43:23,400 INFO waiting for php to die
2019-03-10 14:43:23,407 INFO stopped: php (exit status 0)
2019-03-10 14:43:25,685 INFO supervisord started with pid 1
2019-03-10 14:43:26,687 INFO spawnerr: unknown error making dispatchers for 'cron': EACCES
2019-03-10 14:43:26,690 INFO spawned: 'php' with pid 8
2019-03-10 14:43:27,742 INFO spawnerr: unknown error making dispatchers for 'cron': EACCES
2019-03-10 14:43:27,743 INFO success: php entered RUNNING state, process has stayed up for > than 1 seconds (startsecs)
2019-03-10 14:43:29,747 INFO spawnerr: unknown error making dispatchers for 'cron': EACCES
2019-03-10 14:43:32,752 INFO spawnerr: unknown error making dispatchers for 'cron': EACCES
2019-03-10 14:43:32,753 INFO gave up: cron entered FATAL state, too many start retries too quickly
2019-03-10 14:52:24,417 WARN received SIGTERM indicating exit request
2019-03-10 14:52:24,419 INFO waiting for php to die
2019-03-10 14:52:24,430 INFO stopped: php (exit status 0)
2019-03-10 14:52:27,142 CRIT Supervisor running as root (no user in config file)
2019-03-10 14:52:27,148 INFO supervisord started with pid 1
2019-03-10 14:52:28,151 INFO spawned: 'cron' with pid 8
2019-03-10 14:52:28,153 INFO spawned: 'php' with pid 9
2019-03-10 14:52:29,240 INFO success: cron entered RUNNING state, process has stayed up for > than 1 seconds (startsecs)
2019-03-10 14:52:29,242 INFO success: php entered RUNNING state, process has stayed up for > than 1 seconds (startsecs)
2019-03-10 14:53:01,293 INFO reaped unknown pid 15
2019-03-10 14:54:01,313 INFO reaped unknown pid 32
2019-03-10 14:55:01,348 INFO reaped unknown pid 37
2019-03-10 14:56:01,383 INFO reaped unknown pid 42
2019-03-10 14:57:01,519 INFO reaped unknown pid 47
2019-03-10 14:57:02,460 WARN received SIGTERM indicating exit request
2019-03-10 14:57:02,462 INFO waiting for cron, php to die
2019-03-10 14:57:02,483 INFO stopped: php (exit status 0)
2019-03-10 14:57:02,484 INFO stopped: cron (terminated by SIGTERM)
2019-03-10 14:57:05,249 CRIT Supervisor running as root (no user in config file)
2019-03-10 14:57:05,255 INFO supervisord started with pid 1
2019-03-10 14:57:06,259 INFO spawned: 'cron' with pid 8
2019-03-10 14:57:06,264 INFO spawned: 'php' with pid 9
2019-03-10 14:57:07,425 INFO success: cron entered RUNNING state, process has stayed up for > than 1 seconds (startsecs)
2019-03-10 14:57:07,426 INFO success: php entered RUNNING state, process has stayed up for > than 1 seconds (startsecs)
2019-03-10 14:58:01,412 INFO reaped unknown pid 18
2019-03-10 14:58:04,413 INFO reaped unknown pid 19
2019-03-10 14:59:01,429 INFO reaped unknown pid 28
2019-03-10 14:59:04,434 INFO reaped unknown pid 29
2019-03-10 15:00:01,482 INFO reaped unknown pid 38
2019-03-10 15:00:04,527 INFO reaped unknown pid 39
2019-03-10 15:00:22,938 WARN received SIGTERM indicating exit request
2019-03-10 15:00:22,940 INFO waiting for cron, php to die
2019-03-10 15:00:22,956 INFO stopped: php (exit status 0)
2019-03-10 15:00:22,957 INFO stopped: cron (terminated by SIGTERM)
2019-03-10 15:00:25,685 CRIT Supervisor running as root (no user in config file)
2019-03-10 15:00:25,691 INFO supervisord started with pid 1
2019-03-10 15:00:26,694 INFO spawned: 'cron' with pid 8
2019-03-10 15:00:26,697 INFO spawned: 'php' with pid 9
2019-03-10 15:00:27,777 INFO success: cron entered RUNNING state, process has stayed up for > than 1 seconds (startsecs)
2019-03-10 15:00:27,778 INFO success: php entered RUNNING state, process has stayed up for > than 1 seconds (startsecs)
2019-03-10 15:01:01,756 INFO reaped unknown pid 15
2019-03-10 15:02:01,795 INFO reaped unknown pid 33
2019-03-10 15:03:01,821 INFO reaped unknown pid 58
2019-03-10 15:04:01,962 INFO reaped unknown pid 63
2019-03-10 15:04:36,521 WARN received SIGTERM indicating exit request
2019-03-10 15:04:36,524 INFO waiting for cron, php to die
2019-03-10 15:04:36,535 INFO stopped: php (exit status 0)
2019-03-10 15:04:36,536 INFO stopped: cron (terminated by SIGTERM)
2019-03-10 15:04:38,814 CRIT Supervisor running as root (no user in config file)
2019-03-10 15:04:38,821 INFO supervisord started with pid 1
2019-03-10 15:04:39,824 INFO spawned: 'cron' with pid 8
2019-03-10 15:04:39,828 INFO spawned: 'php' with pid 9
2019-03-10 15:04:40,911 INFO success: cron entered RUNNING state, process has stayed up for > than 1 seconds (startsecs)
2019-03-10 15:04:40,912 INFO success: php entered RUNNING state, process has stayed up for > than 1 seconds (startsecs)
2019-03-10 15:05:01,896 INFO reaped unknown pid 15
2019-03-10 15:06:02,194 INFO reaped unknown pid 20
2019-03-10 15:06:19,785 WARN received SIGTERM indicating exit request
2019-03-10 15:06:19,785 INFO waiting for cron, php to die
2019-03-10 15:06:19,811 INFO stopped: php (exit status 0)
2019-03-10 15:06:19,812 INFO stopped: cron (terminated by SIGTERM)
2019-03-10 15:06:22,678 CRIT Supervisor running as root (no user in config file)
2019-03-10 15:06:22,690 INFO supervisord started with pid 1
2019-03-10 15:06:23,694 INFO spawned: 'cron' with pid 8
2019-03-10 15:06:23,697 INFO spawned: 'php' with pid 9
2019-03-10 15:06:24,936 INFO success: cron entered RUNNING state, process has stayed up for > than 1 seconds (startsecs)
2019-03-10 15:06:24,937 INFO success: php entered RUNNING state, process has stayed up for > than 1 seconds (startsecs)
2019-03-10 15:07:01,841 INFO reaped unknown pid 15
2019-03-10 15:08:01,862 INFO reaped unknown pid 20
2019-03-10 15:09:01,904 INFO reaped unknown pid 25
2019-03-10 15:10:01,928 INFO reaped unknown pid 30
2019-03-10 15:11:02,001 INFO reaped unknown pid 35
2019-03-10 15:11:23,317 WARN received SIGTERM indicating exit request
2019-03-10 15:11:23,320 INFO waiting for cron, php to die
2019-03-10 15:11:23,343 INFO stopped: php (exit status 0)
2019-03-10 15:11:23,344 INFO stopped: cron (terminated by SIGTERM)
2019-03-10 15:11:26,187 CRIT Supervisor running as root (no user in config file)
2019-03-10 15:11:26,192 INFO supervisord started with pid 1
2019-03-10 15:11:27,195 INFO spawned: 'cron' with pid 9
2019-03-10 15:11:27,198 INFO spawned: 'php' with pid 10
2019-03-10 15:11:28,273 INFO success: cron entered RUNNING state, process has stayed up for > than 1 seconds (startsecs)
2019-03-10 15:11:28,273 INFO success: php entered RUNNING state, process has stayed up for > than 1 seconds (startsecs)
2019-03-10 15:12:01,257 INFO reaped unknown pid 16
2019-03-10 15:13:01,307 INFO reaped unknown pid 21
2019-03-10 15:13:43,953 WARN received SIGTERM indicating exit request
2019-03-10 15:13:43,956 INFO waiting for cron, php to die
2019-03-10 15:13:43,974 INFO stopped: php (exit status 0)
2019-03-10 15:13:43,975 INFO stopped: cron (terminated by SIGTERM)
2019-03-10 15:13:46,464 CRIT Supervisor running as root (no user in config file)
2019-03-10 15:13:46,470 INFO supervisord started with pid 1
2019-03-10 15:13:47,473 INFO spawned: 'cron' with pid 8
2019-03-10 15:13:47,475 INFO spawned: 'php' with pid 9
2019-03-10 15:13:48,543 INFO success: cron entered RUNNING state, process has stayed up for > than 1 seconds (startsecs)
2019-03-10 15:13:48,544 INFO success: php entered RUNNING state, process has stayed up for > than 1 seconds (startsecs)
2019-03-10 15:16:03,672 WARN received SIGTERM indicating exit request
2019-03-10 15:16:03,675 INFO waiting for cron, php to die
2019-03-10 15:16:03,680 INFO stopped: php (exit status 0)
2019-03-10 15:16:03,682 INFO stopped: cron (terminated by SIGTERM)
2019-03-10 15:16:06,083 CRIT Supervisor running as root (no user in config file)
2019-03-10 15:16:06,090 INFO supervisord started with pid 1
2019-03-10 15:16:07,093 INFO spawned: 'cron' with pid 8
2019-03-10 15:16:07,096 INFO spawned: 'php' with pid 9
2019-03-10 15:16:07,104 INFO exited: cron (exit status 1; not expected)
2019-03-10 15:16:08,146 INFO spawned: 'cron' with pid 12
2019-03-10 15:16:08,147 INFO success: php entered RUNNING state, process has stayed up for > than 1 seconds (startsecs)
2019-03-10 15:16:08,151 INFO exited: cron (exit status 1; not expected)
2019-03-10 15:16:10,155 INFO spawned: 'cron' with pid 13
2019-03-10 15:16:10,159 INFO exited: cron (exit status 1; not expected)
2019-03-10 15:16:13,165 INFO spawned: 'cron' with pid 14
2019-03-10 15:16:13,169 INFO exited: cron (exit status 1; not expected)
2019-03-10 15:16:13,170 INFO gave up: cron entered FATAL state, too many start retries too quickly
2019-03-10 15:40:58,862 WARN received SIGTERM indicating exit request
2019-03-10 15:40:58,863 INFO waiting for php to die
2019-03-10 15:40:58,902 INFO stopped: php (exit status 0)
2019-03-10 15:41:01,273 CRIT Supervisor running as root (no user in config file)
2019-03-10 15:41:01,281 INFO supervisord started with pid 1
2019-03-10 15:41:02,284 INFO spawned: 'cron' with pid 8
2019-03-10 15:41:02,288 INFO spawned: 'php' with pid 9
2019-03-10 15:41:03,388 INFO success: cron entered RUNNING state, process has stayed up for > than 1 seconds (startsecs)
2019-03-10 15:41:03,389 INFO success: php entered RUNNING state, process has stayed up for > than 1 seconds (startsecs)
2019-03-10 15:43:05,146 WARN received SIGTERM indicating exit request
2019-03-10 15:43:05,146 INFO waiting for cron, php to die
2019-03-10 15:43:05,151 INFO stopped: php (exit status 0)
2019-03-10 15:43:05,154 INFO stopped: cron (terminated by SIGTERM)
2019-03-10 15:43:07,491 CRIT Supervisor running as root (no user in config file)
2019-03-10 15:43:07,497 INFO supervisord started with pid 1
2019-03-10 15:43:08,500 INFO spawned: 'cron' with pid 8
2019-03-10 15:43:08,504 INFO spawned: 'php' with pid 9
2019-03-10 15:43:09,553 INFO success: cron entered RUNNING state, process has stayed up for > than 1 seconds (startsecs)
2019-03-10 15:43:09,554 INFO success: php entered RUNNING state, process has stayed up for > than 1 seconds (startsecs)
2019-03-11 09:37:01,089 WARN received SIGTERM indicating exit request
2019-03-11 09:37:01,090 INFO waiting for cron, php to die
2019-03-11 09:37:01,105 INFO stopped: php (exit status 0)
2019-03-11 09:37:01,107 INFO stopped: cron (terminated by SIGTERM)
2019-03-11 09:37:03,958 CRIT Supervisor running as root (no user in config file)
2019-03-11 09:37:03,964 INFO supervisord started with pid 1
2019-03-11 09:37:04,968 INFO spawned: 'cron' with pid 9
2019-03-11 09:37:04,971 INFO spawned: 'php' with pid 10
2019-03-11 09:37:06,057 INFO success: cron entered RUNNING state, process has stayed up for > than 1 seconds (startsecs)
2019-03-11 09:37:06,058 INFO success: php entered RUNNING state, process has stayed up for > than 1 seconds (startsecs)
2019-03-11 09:38:02,070 INFO reaped unknown pid 20
2019-03-11 09:38:05,071 INFO reaped unknown pid 19
2019-03-11 09:39:01,095 INFO reaped unknown pid 29
2019-03-11 09:39:01,104 INFO reaped unknown pid 30
2019-03-11 09:40:01,133 INFO reaped unknown pid 39
2019-03-11 09:40:04,139 INFO reaped unknown pid 40
2019-03-11 09:41:01,171 INFO reaped unknown pid 49
2019-03-11 09:41:04,179 INFO reaped unknown pid 50
2019-03-11 09:42:01,220 INFO reaped unknown pid 59
2019-03-11 09:42:01,227 INFO reaped unknown pid 60
2019-03-11 09:43:01,265 INFO reaped unknown pid 69
2019-03-11 09:43:04,269 INFO reaped unknown pid 70
2019-03-11 09:44:01,297 INFO reaped unknown pid 80
2019-03-11 09:44:04,304 INFO reaped unknown pid 79
2019-03-11 09:45:01,327 INFO reaped unknown pid 89
2019-03-11 09:45:04,332 INFO reaped unknown pid 90
2019-03-11 09:46:01,381 INFO reaped unknown pid 99
2019-03-11 09:46:04,375 INFO reaped unknown pid 100
2019-03-11 09:47:01,427 INFO reaped unknown pid 109
2019-03-11 09:47:01,435 INFO reaped unknown pid 110
2019-03-11 09:48:01,468 INFO reaped unknown pid 119
2019-03-11 09:48:04,474 INFO reaped unknown pid 120
2019-03-11 09:49:01,531 INFO reaped unknown pid 129
2019-03-11 09:49:01,541 INFO reaped unknown pid 130
2019-03-11 09:50:01,559 INFO reaped unknown pid 140
2019-03-11 09:50:04,571 INFO reaped unknown pid 139
2019-03-11 09:51:01,594 INFO reaped unknown pid 149
2019-03-11 09:51:04,604 INFO reaped unknown pid 150
2019-03-11 09:52:01,635 INFO reaped unknown pid 159
2019-03-11 09:52:01,640 INFO reaped unknown pid 160
2019-03-11 09:53:01,681 INFO reaped unknown pid 169
2019-03-11 09:53:04,687 INFO reaped unknown pid 170
2019-03-11 09:54:01,716 INFO reaped unknown pid 180
2019-03-11 09:54:04,719 INFO reaped unknown pid 179
2019-03-11 09:55:01,770 INFO reaped unknown pid 189
2019-03-11 09:55:04,776 INFO reaped unknown pid 190
2019-03-11 09:56:01,805 INFO reaped unknown pid 199
2019-03-11 09:56:04,811 INFO reaped unknown pid 200
2019-03-11 09:57:01,863 INFO reaped unknown pid 209
2019-03-11 09:57:01,868 INFO reaped unknown pid 210
2019-03-11 09:57:11,984 WARN received SIGTERM indicating exit request
2019-03-11 09:57:11,985 INFO waiting for cron, php to die
2019-03-11 09:57:12,012 INFO stopped: php (exit status 0)
2019-03-11 09:57:12,013 INFO stopped: cron (terminated by SIGTERM)
2019-03-11 09:57:14,754 CRIT Supervisor running as root (no user in config file)
2019-03-11 09:57:14,761 INFO supervisord started with pid 1
2019-03-11 09:57:15,765 INFO spawned: 'cron' with pid 8
2019-03-11 09:57:15,769 INFO spawned: 'php' with pid 9
2019-03-11 09:57:16,866 INFO success: cron entered RUNNING state, process has stayed up for > than 1 seconds (startsecs)
2019-03-11 09:57:16,867 INFO success: php entered RUNNING state, process has stayed up for > than 1 seconds (startsecs)
2019-03-11 11:38:31,425 CRIT Supervisor running as root (no user in config file)
2019-03-11 11:38:31,456 INFO supervisord started with pid 1
2019-03-11 11:38:32,460 INFO spawned: 'cron' with pid 8
2019-03-11 11:38:32,489 INFO spawned: 'php' with pid 9
2019-03-11 11:38:33,499 INFO success: cron entered RUNNING state, process has stayed up for > than 1 seconds (startsecs)
2019-03-11 11:38:33,500 INFO success: php entered RUNNING state, process has stayed up for > than 1 seconds (startsecs)
2019-03-11 11:39:02,468 INFO reaped unknown pid 21
2019-03-11 11:39:05,504 INFO reaped unknown pid 20
2019-03-11 11:40:02,058 INFO reaped unknown pid 40
2019-03-11 11:40:05,237 INFO reaped unknown pid 42
2019-03-11 11:41:02,419 INFO reaped unknown pid 53
2019-03-11 11:41:06,326 INFO reaped unknown pid 52
2019-03-11 11:42:01,886 INFO reaped unknown pid 64
2019-03-11 11:42:05,547 INFO reaped unknown pid 66
2019-03-11 11:43:02,356 INFO reaped unknown pid 76
2019-03-11 11:43:05,508 INFO reaped unknown pid 77
2019-03-11 11:44:03,051 INFO reaped unknown pid 88
2019-03-11 11:44:06,128 INFO reaped unknown pid 90
2019-03-11 11:45:02,616 INFO reaped unknown pid 100
2019-03-11 11:45:05,646 INFO reaped unknown pid 102
2019-03-11 11:46:02,698 INFO reaped unknown pid 112
2019-03-11 11:46:06,301 INFO reaped unknown pid 114
2019-03-11 11:47:02,209 INFO reaped unknown pid 124
2019-03-11 11:47:05,237 INFO reaped unknown pid 126
2019-03-11 11:48:01,662 INFO reaped unknown pid 136
2019-03-11 11:48:05,397 INFO reaped unknown pid 138
2019-03-11 11:49:01,917 INFO reaped unknown pid 149
2019-03-11 11:49:04,948 INFO reaped unknown pid 148
2019-03-11 11:50:02,146 INFO reaped unknown pid 161
2019-03-11 11:50:05,155 INFO reaped unknown pid 160
2019-03-11 11:51:02,573 INFO reaped unknown pid 172
2019-03-11 11:51:05,565 INFO reaped unknown pid 174
2019-03-11 11:52:01,969 INFO reaped unknown pid 184
2019-03-11 11:52:04,989 INFO reaped unknown pid 186
2019-03-11 11:53:02,386 INFO reaped unknown pid 196
2019-03-11 11:53:05,495 INFO reaped unknown pid 198
2019-03-11 11:54:01,721 INFO reaped unknown pid 208
2019-03-11 11:54:04,742 INFO reaped unknown pid 209
2019-03-11 11:55:01,990 INFO reaped unknown pid 220
2019-03-11 11:55:05,230 INFO reaped unknown pid 221
2019-03-11 11:56:02,391 INFO reaped unknown pid 232
2019-03-11 11:56:05,410 INFO reaped unknown pid 234
2019-03-11 11:57:01,879 INFO reaped unknown pid 244
2019-03-11 11:57:05,367 INFO reaped unknown pid 246
2019-03-11 11:58:02,284 INFO reaped unknown pid 256
2019-03-11 11:58:05,404 INFO reaped unknown pid 258
2019-03-11 11:58:46,709 WARN received SIGTERM indicating exit request
2019-03-11 11:58:46,716 INFO waiting for cron, php to die
2019-03-11 11:58:46,717 INFO stopped: php (exit status 0)
2019-03-11 11:58:46,717 INFO stopped: cron (terminated by SIGTERM)
2019-03-11 12:11:04,472 CRIT Supervisor running as root (no user in config file)
2019-03-11 12:11:04,482 INFO supervisord started with pid 1
2019-03-11 12:11:05,485 INFO spawned: 'cron' with pid 8
2019-03-11 12:11:05,487 INFO spawned: 'php' with pid 9
2019-03-11 12:11:06,537 INFO success: cron entered RUNNING state, process has stayed up for > than 1 seconds (startsecs)
2019-03-11 12:11:06,538 INFO success: php entered RUNNING state, process has stayed up for > than 1 seconds (startsecs)
2019-03-11 12:12:02,405 INFO reaped unknown pid 20
2019-03-11 12:12:05,402 INFO reaped unknown pid 21
2019-03-11 12:13:01,694 INFO reaped unknown pid 32
2019-03-11 12:13:04,802 INFO reaped unknown pid 34
2019-03-11 12:14:02,656 INFO reaped unknown pid 44
2019-03-11 12:14:06,184 INFO reaped unknown pid 46
2019-03-11 12:15:02,057 INFO reaped unknown pid 56
2019-03-11 12:15:05,067 INFO reaped unknown pid 57
2019-03-11 12:16:02,299 INFO reaped unknown pid 68
2019-03-11 12:16:05,303 INFO reaped unknown pid 69
2019-03-11 12:17:01,686 INFO reaped unknown pid 83
2019-03-11 12:17:04,809 INFO reaped unknown pid 85
2019-03-11 12:18:02,104 INFO reaped unknown pid 95
2019-03-11 12:18:05,141 INFO reaped unknown pid 97
2019-03-11 12:19:02,854 INFO reaped unknown pid 107
2019-03-11 12:19:06,494 INFO reaped unknown pid 109
2019-03-11 12:20:01,990 INFO reaped unknown pid 119
2019-03-11 12:20:04,996 INFO reaped unknown pid 121
2019-03-11 12:21:02,239 INFO reaped unknown pid 132
2019-03-11 12:21:05,287 INFO reaped unknown pid 131
2019-03-11 12:22:02,351 INFO reaped unknown pid 143
2019-03-11 12:22:05,278 INFO reaped unknown pid 145
2019-03-11 12:23:01,674 INFO reaped unknown pid 155
2019-03-11 12:23:04,689 INFO reaped unknown pid 157
2019-03-11 12:24:02,139 INFO reaped unknown pid 167
2019-03-11 12:24:05,187 INFO reaped unknown pid 169
2019-03-11 12:25:01,622 INFO reaped unknown pid 179
2019-03-11 12:25:04,968 INFO reaped unknown pid 181
2019-03-11 12:26:02,186 INFO reaped unknown pid 191
2019-03-11 12:26:05,538 INFO reaped unknown pid 193
2019-03-11 12:27:01,639 INFO reaped unknown pid 203
2019-03-11 12:27:05,543 INFO reaped unknown pid 205
2019-03-11 12:28:02,059 INFO reaped unknown pid 215
2019-03-11 12:28:05,574 INFO reaped unknown pid 217
2019-03-11 12:29:02,529 INFO reaped unknown pid 227
2019-03-11 12:29:05,587 INFO reaped unknown pid 229
2019-03-11 12:30:02,571 INFO reaped unknown pid 239
2019-03-11 12:30:05,530 INFO reaped unknown pid 240
2019-03-11 12:31:01,694 INFO reaped unknown pid 251
2019-03-11 12:31:04,712 INFO reaped unknown pid 252
2019-03-11 12:32:02,070 INFO reaped unknown pid 263
2019-03-11 12:32:05,102 INFO reaped unknown pid 265
2019-03-11 12:33:02,336 INFO reaped unknown pid 276
2019-03-11 12:33:05,350 INFO reaped unknown pid 275
2019-03-11 12:34:01,766 INFO reaped unknown pid 287
2019-03-11 12:34:04,803 INFO reaped unknown pid 289
2019-03-11 12:35:02,120 INFO reaped unknown pid 300
2019-03-11 12:35:05,119 INFO reaped unknown pid 299
2019-03-11 12:36:02,523 INFO reaped unknown pid 311
2019-03-11 12:36:05,834 INFO reaped unknown pid 313
2019-03-11 12:37:01,992 INFO reaped unknown pid 323
2019-03-11 12:37:05,017 INFO reaped unknown pid 325
2019-03-11 12:38:02,336 INFO reaped unknown pid 335
2019-03-11 12:38:05,345 INFO reaped unknown pid 336
2019-03-11 12:39:02,819 INFO reaped unknown pid 348
2019-03-11 12:39:05,762 INFO reaped unknown pid 347
2019-03-11 12:40:02,096 INFO reaped unknown pid 359
2019-03-11 12:40:05,110 INFO reaped unknown pid 361
2019-03-11 12:41:02,497 INFO reaped unknown pid 372
2019-03-11 12:41:05,409 INFO reaped unknown pid 371
2019-03-11 12:42:01,769 INFO reaped unknown pid 383
2019-03-11 12:42:04,882 INFO reaped unknown pid 385
2019-03-11 12:43:02,371 INFO reaped unknown pid 395
2019-03-11 12:43:05,083 INFO reaped unknown pid 397
2019-03-11 12:44:02,336 INFO reaped unknown pid 408
2019-03-11 12:44:05,416 INFO reaped unknown pid 407
2019-03-11 12:45:01,651 INFO reaped unknown pid 420
2019-03-11 12:45:04,654 INFO reaped unknown pid 419
2019-03-11 12:46:02,110 INFO reaped unknown pid 431
2019-03-11 12:46:05,069 INFO reaped unknown pid 433
2019-03-11 12:47:02,623 INFO reaped unknown pid 443
2019-03-11 12:47:05,655 INFO reaped unknown pid 445
2019-03-11 12:48:01,862 INFO reaped unknown pid 455
2019-03-11 12:48:04,964 INFO reaped unknown pid 456
2019-03-11 12:49:02,106 INFO reaped unknown pid 467
2019-03-11 12:49:05,088 INFO reaped unknown pid 468
2019-03-11 12:50:02,496 INFO reaped unknown pid 479
2019-03-11 12:50:05,544 INFO reaped unknown pid 481
2019-03-11 12:51:01,971 INFO reaped unknown pid 491
2019-03-11 12:51:05,009 INFO reaped unknown pid 493
2019-03-11 12:52:02,631 INFO reaped unknown pid 503
2019-03-11 12:52:05,459 INFO reaped unknown pid 505
2019-03-11 12:53:01,808 INFO reaped unknown pid 515
2019-03-11 12:53:04,845 INFO reaped unknown pid 517
2019-03-11 12:54:02,226 INFO reaped unknown pid 527
2019-03-11 12:54:05,274 INFO reaped unknown pid 529
2019-03-11 12:55:01,969 INFO reaped unknown pid 539
2019-03-11 12:55:04,985 INFO reaped unknown pid 541
2019-03-11 12:56:02,319 INFO reaped unknown pid 551
2019-03-11 12:56:06,738 INFO reaped unknown pid 553
2019-03-11 12:57:02,110 INFO reaped unknown pid 563
2019-03-11 12:57:05,126 INFO reaped unknown pid 565
2019-03-11 12:58:02,903 INFO reaped unknown pid 575
2019-03-11 12:58:05,939 INFO reaped unknown pid 577
2019-03-11 12:59:02,366 INFO reaped unknown pid 587
2019-03-11 12:59:05,410 INFO reaped unknown pid 589
2019-03-11 13:00:01,879 INFO reaped unknown pid 599
2019-03-11 13:00:04,993 INFO reaped unknown pid 601
2019-03-11 13:01:02,224 INFO reaped unknown pid 611
2019-03-11 13:01:05,336 INFO reaped unknown pid 613
2019-03-11 13:02:01,947 INFO reaped unknown pid 623
2019-03-11 13:02:05,006 INFO reaped unknown pid 625
2019-03-11 13:03:02,391 INFO reaped unknown pid 635
2019-03-11 13:03:05,428 INFO reaped unknown pid 637
2019-03-11 13:04:01,903 INFO reaped unknown pid 648
2019-03-11 13:04:04,990 INFO reaped unknown pid 647
2019-03-11 13:05:02,315 INFO reaped unknown pid 659
2019-03-11 13:05:05,329 INFO reaped unknown pid 661
2019-03-11 13:06:01,560 INFO reaped unknown pid 672
2019-03-11 13:06:04,569 INFO reaped unknown pid 671
2019-03-11 13:07:01,958 INFO reaped unknown pid 683
2019-03-11 13:07:05,061 INFO reaped unknown pid 685
2019-03-11 13:08:02,591 INFO reaped unknown pid 695
2019-03-11 13:08:05,342 INFO reaped unknown pid 696
2019-03-11 13:09:02,165 INFO reaped unknown pid 707
2019-03-11 13:09:05,144 INFO reaped unknown pid 709
2019-03-11 13:10:02,544 INFO reaped unknown pid 719
2019-03-11 13:10:05,576 INFO reaped unknown pid 721
2019-03-11 13:11:02,005 INFO reaped unknown pid 731
2019-03-11 13:11:05,105 INFO reaped unknown pid 733
2019-03-11 13:12:03,110 INFO reaped unknown pid 743
2019-03-11 13:12:06,201 INFO reaped unknown pid 745
2019-03-11 13:13:02,589 INFO reaped unknown pid 755
2019-03-11 13:13:05,653 INFO reaped unknown pid 757
2019-03-11 13:14:01,986 INFO reaped unknown pid 767
2019-03-11 13:14:05,028 INFO reaped unknown pid 769
2019-03-11 13:15:02,684 INFO reaped unknown pid 779
2019-03-11 13:15:05,667 INFO reaped unknown pid 781
2019-03-11 13:16:01,934 INFO reaped unknown pid 791
2019-03-11 13:16:04,950 INFO reaped unknown pid 792
2019-03-11 13:17:02,589 INFO reaped unknown pid 806
2019-03-11 13:17:05,262 INFO reaped unknown pid 808
2019-03-11 13:18:01,539 INFO reaped unknown pid 818
2019-03-11 13:18:04,573 INFO reaped unknown pid 819
2019-03-11 13:19:03,381 INFO reaped unknown pid 830
2019-03-11 13:19:06,762 INFO reaped unknown pid 832
2019-03-11 13:20:01,829 INFO reaped unknown pid 842
2019-03-11 13:20:04,920 INFO reaped unknown pid 844
2019-03-11 13:21:02,287 INFO reaped unknown pid 854
2019-03-11 13:21:05,280 INFO reaped unknown pid 856
2019-03-11 13:21:45,990 WARN received SIGTERM indicating exit request
2019-03-11 13:21:45,990 INFO waiting for cron, php to die
2019-03-11 13:21:46,004 INFO stopped: php (exit status 0)
2019-03-11 13:21:46,009 INFO stopped: cron (terminated by SIGTERM)
2019-03-13 10:52:20,353 CRIT Supervisor running as root (no user in config file)
2019-03-13 10:52:20,400 INFO supervisord started with pid 1
2019-03-13 10:52:21,403 INFO spawned: 'cron' with pid 8
2019-03-13 10:52:21,405 INFO spawned: 'php' with pid 9
2019-03-13 10:52:22,552 INFO success: cron entered RUNNING state, process has stayed up for > than 1 seconds (startsecs)
2019-03-13 10:52:22,553 INFO success: php entered RUNNING state, process has stayed up for > than 1 seconds (startsecs)
2019-03-13 10:53:02,080 INFO reaped unknown pid 20
2019-03-13 10:53:05,161 INFO reaped unknown pid 22
2019-03-13 10:54:02,432 INFO reaped unknown pid 32
2019-03-13 10:54:06,414 INFO reaped unknown pid 33
2019-03-13 10:55:01,693 INFO reaped unknown pid 44
2019-03-13 10:55:04,674 INFO reaped unknown pid 45
2019-03-13 10:56:02,200 INFO reaped unknown pid 56
2019-03-13 10:56:05,259 INFO reaped unknown pid 57
2019-03-13 10:56:36,624 INFO exited: cron (terminated by SIGTERM; not expected)
2019-03-13 10:56:36,626 WARN received SIGTERM indicating exit request
2019-03-13 10:58:39,071 CRIT Supervisor running as root (no user in config file)
2019-03-13 10:58:39,085 INFO supervisord started with pid 1
2019-03-13 10:58:40,089 INFO spawned: 'cron' with pid 8
2019-03-13 10:58:40,092 INFO spawned: 'php' with pid 9
2019-03-13 10:58:41,095 INFO success: cron entered RUNNING state, process has stayed up for > than 1 seconds (startsecs)
2019-03-13 10:58:41,095 INFO success: php entered RUNNING state, process has stayed up for > than 1 seconds (startsecs)
2019-03-13 10:59:02,759 INFO reaped unknown pid 21
2019-03-13 10:59:05,783 INFO reaped unknown pid 20
2019-03-13 10:59:18,760 WARN received SIGTERM indicating exit request
2019-03-13 10:59:18,761 INFO waiting for cron, php to die
2019-03-13 10:59:18,894 INFO stopped: php (exit status 0)
2019-03-13 10:59:18,895 INFO stopped: cron (terminated by SIGTERM)
